{
  meta: {
    req: {
      url: '/500',
      headers: {
        'user-agent': 'PostmanRuntime/7.32.2',
        accept: '*/*',
        'cache-control': 'no-cache',
        'postman-token': '847ea95b-f3d8-43bc-82b0-7786af3b1580',
        host: 'localhost:8080',
        'accept-encoding': 'gzip, deflate, br',
        connection: 'keep-alive'
      },
      method: 'GET',
      httpVersion: '1.1',
      originalUrl: '/500',
      query: {}
    },
    res: { statusCode: 500 },
    responseTime: 3
  },
  level: 'error',
  message: 'HTTP GET /500',
  timestamp: '2023-09-06T14:35:34.513Z'
}
{
  meta: {
    req: {
      url: '/',
      headers: {
        'user-agent': 'PostmanRuntime/7.32.2',
        accept: '*/*',
        'cache-control': 'no-cache',
        'postman-token': '34529984-1962-4245-aa05-7406bce60d1d',
        host: 'localhost:8080',
        'accept-encoding': 'gzip, deflate, br',
        connection: 'keep-alive'
      },
      method: 'GET',
      httpVersion: '1.1',
      originalUrl: '/',
      query: {}
    },
    res: { statusCode: 200 },
    responseTime: 1
  },
  level: 'info',
  message: 'HTTP GET /',
  timestamp: '2023-09-06T14:35:47.704Z'
}
{
  meta: {
    req: {
      url: '/create',
      headers: {
        'user-agent': 'PostmanRuntime/7.32.2',
        accept: '*/*',
        'cache-control': 'no-cache',
        'postman-token': 'b8f98de7-20cb-44e1-a3c1-9e27af9d706c',
        host: 'localhost:8080',
        'accept-encoding': 'gzip, deflate, br',
        connection: 'keep-alive'
      },
      method: 'GET',
      httpVersion: '1.1',
      originalUrl: '/create',
      query: {}
    },
    res: { statusCode: 200 },
    responseTime: 94
  },
  level: 'info',
  message: 'HTTP GET /create',
  timestamp: '2023-09-06T14:36:06.017Z'
}
